<?xml version="1.0" encoding="UTF-8"?>
<testsuite name="veci.veciback.VeciBackApplicationTests" tests="1" skipped="0" failures="0" errors="0" timestamp="2024-10-14T22:12:18" hostname="MILLER" time="1.272">
  <properties/>
  <testcase name="contextLoads()" classname="veci.veciback.VeciBackApplicationTests" time="1.272"/>
  <system-out><![CDATA[17:12:11.387 [Test worker] INFO org.springframework.test.context.support.AnnotationConfigContextLoaderUtils -- Could not detect default configuration classes for test class [veci.veciback.VeciBackApplicationTests]: VeciBackApplicationTests does not declare any static, non-private, non-final, nested classes annotated with @Configuration.
17:12:11.542 [Test worker] INFO org.springframework.boot.test.context.SpringBootTestContextBootstrapper -- Found @SpringBootConfiguration veci.veciback.VeciBackApplication for test class veci.veciback.VeciBackApplicationTests

  .   ____          _            __ _ _
 /\\ / ___'_ __ _ _(_)_ __  __ _ \ \ \ \
( ( )\___ | '_ | '_| | '_ \/ _` | \ \ \ \
 \\/  ___)| |_)| | | | | || (_| |  ) ) ) )
  '  |____| .__|_| |_|_| |_\__, | / / / /
 =========|_|==============|___/=/_/_/_/

 :: Spring Boot ::                (v3.3.4)

2024-10-14T17:12:12.250-05:00  INFO 12328 --- [veci-back] [    Test worker] veci.veciback.VeciBackApplicationTests   : Starting VeciBackApplicationTests using Java 23 with PID 12328 (started by Miller Alvarez in C:\Users\Miller Alvarez\IdeaProjects\veci-back)
2024-10-14T17:12:12.253-05:00  INFO 12328 --- [veci-back] [    Test worker] veci.veciback.VeciBackApplicationTests   : No active profile set, falling back to 1 default profile: "default"
2024-10-14T17:12:13.468-05:00  INFO 12328 --- [veci-back] [    Test worker] .s.d.r.c.RepositoryConfigurationDelegate : Multiple Spring Data modules found, entering strict repository configuration mode
2024-10-14T17:12:13.471-05:00  INFO 12328 --- [veci-back] [    Test worker] .s.d.r.c.RepositoryConfigurationDelegate : Bootstrapping Spring Data JPA repositories in DEFAULT mode.
2024-10-14T17:12:13.527-05:00  INFO 12328 --- [veci-back] [    Test worker] .RepositoryConfigurationExtensionSupport : Spring Data JPA - Could not safely identify store assignment for repository candidate interface veci.veciback.repository.TransaccionRepository; If you want this repository to be a JPA repository, consider annotating your entities with one of these annotations: jakarta.persistence.Entity, jakarta.persistence.MappedSuperclass (preferred), or consider extending one of the following types with your repository: org.springframework.data.jpa.repository.JpaRepository
2024-10-14T17:12:13.528-05:00  INFO 12328 --- [veci-back] [    Test worker] .s.d.r.c.RepositoryConfigurationDelegate : Finished Spring Data repository scanning in 44 ms. Found 0 JPA repository interfaces.
2024-10-14T17:12:13.580-05:00  INFO 12328 --- [veci-back] [    Test worker] .s.d.r.c.RepositoryConfigurationDelegate : Multiple Spring Data modules found, entering strict repository configuration mode
2024-10-14T17:12:13.581-05:00  INFO 12328 --- [veci-back] [    Test worker] .s.d.r.c.RepositoryConfigurationDelegate : Bootstrapping Spring Data MongoDB repositories in DEFAULT mode.
2024-10-14T17:12:13.617-05:00  INFO 12328 --- [veci-back] [    Test worker] .s.d.r.c.RepositoryConfigurationDelegate : Finished Spring Data repository scanning in 35 ms. Found 1 MongoDB repository interface.
2024-10-14T17:12:14.259-05:00  INFO 12328 --- [veci-back] [    Test worker] com.zaxxer.hikari.HikariDataSource       : HikariPool-1 - Starting...
2024-10-14T17:12:14.574-05:00  INFO 12328 --- [veci-back] [    Test worker] com.zaxxer.hikari.pool.HikariPool        : HikariPool-1 - Added connection conn0: url=jdbc:h2:mem:61d89d20-8031-4fe3-8033-6e3375a378ed user=SA
2024-10-14T17:12:14.577-05:00  INFO 12328 --- [veci-back] [    Test worker] com.zaxxer.hikari.HikariDataSource       : HikariPool-1 - Start completed.
2024-10-14T17:12:14.652-05:00  INFO 12328 --- [veci-back] [    Test worker] o.hibernate.jpa.internal.util.LogHelper  : HHH000204: Processing PersistenceUnitInfo [name: default]
2024-10-14T17:12:14.751-05:00  INFO 12328 --- [veci-back] [    Test worker] org.hibernate.Version                    : HHH000412: Hibernate ORM core version 6.5.3.Final
2024-10-14T17:12:14.817-05:00  INFO 12328 --- [veci-back] [    Test worker] o.h.c.internal.RegionFactoryInitiator    : HHH000026: Second-level cache disabled
2024-10-14T17:12:15.395-05:00  INFO 12328 --- [veci-back] [    Test worker] o.s.o.j.p.SpringPersistenceUnitInfo      : No LoadTimeWeaver setup: ignoring JPA class transformer
2024-10-14T17:12:15.924-05:00  INFO 12328 --- [veci-back] [    Test worker] o.h.e.t.j.p.i.JtaPlatformInitiator       : HHH000489: No JTA platform available (set 'hibernate.transaction.jta.platform' to enable JTA platform integration)
2024-10-14T17:12:15.930-05:00  INFO 12328 --- [veci-back] [    Test worker] j.LocalContainerEntityManagerFactoryBean : Initialized JPA EntityManagerFactory for persistence unit 'default'
2024-10-14T17:12:16.282-05:00  INFO 12328 --- [veci-back] [    Test worker] org.mongodb.driver.client                : MongoClient with metadata {"application": {"name": "Cluster0"}, "driver": {"name": "mongo-java-driver|sync|spring-boot", "version": "5.0.1"}, "os": {"type": "Windows", "name": "Windows 11", "architecture": "amd64", "version": "10.0"}, "platform": "Java/Oracle Corporation/23+37-2369"} created with settings MongoClientSettings{readPreference=primary, writeConcern=WriteConcern{w=majority, wTimeout=null ms, journal=null}, retryWrites=true, retryReads=true, readConcern=ReadConcern{level=null}, credential=MongoCredential{mechanism=null, userName='damialbla', source='admin', password=<hidden>, mechanismProperties=<hidden>}, transportSettings=null, commandListeners=[], codecRegistry=ProvidersCodecRegistry{codecProviders=[ValueCodecProvider{}, BsonValueCodecProvider{}, DBRefCodecProvider{}, DBObjectCodecProvider{}, DocumentCodecProvider{}, CollectionCodecProvider{}, IterableCodecProvider{}, MapCodecProvider{}, GeoJsonCodecProvider{}, GridFSFileCodecProvider{}, Jsr310CodecProvider{}, JsonObjectCodecProvider{}, BsonCodecProvider{}, EnumCodecProvider{}, com.mongodb.client.model.mql.ExpressionCodecProvider@1ed12d10, com.mongodb.Jep395RecordCodecProvider@4153a832, com.mongodb.KotlinCodecProvider@4a2dbcfc]}, loggerSettings=LoggerSettings{maxDocumentLength=1000}, clusterSettings={hosts=[127.0.0.1:27017], srvHost=cluster0.zw33m.mongodb.net, srvServiceName=mongodb, mode=MULTIPLE, requiredClusterType=REPLICA_SET, requiredReplicaSetName='atlas-jfmlis-shard-0', serverSelector='null', clusterListeners='[]', serverSelectionTimeout='30000 ms', localThreshold='15 ms'}, socketSettings=SocketSettings{connectTimeoutMS=10000, readTimeoutMS=0, receiveBufferSize=0, proxySettings=ProxySettings{host=null, port=null, username=null, password=null}}, heartbeatSocketSettings=SocketSettings{connectTimeoutMS=10000, readTimeoutMS=10000, receiveBufferSize=0, proxySettings=ProxySettings{host=null, port=null, username=null, password=null}}, connectionPoolSettings=ConnectionPoolSettings{maxSize=100, minSize=0, maxWaitTimeMS=120000, maxConnectionLifeTimeMS=0, maxConnectionIdleTimeMS=0, maintenanceInitialDelayMS=0, maintenanceFrequencyMS=60000, connectionPoolListeners=[], maxConnecting=2}, serverSettings=ServerSettings{heartbeatFrequencyMS=10000, minHeartbeatFrequencyMS=500, serverListeners='[]', serverMonitorListeners='[]'}, sslSettings=SslSettings{enabled=true, invalidHostNameAllowed=false, context=null}, applicationName='Cluster0', compressorList=[], uuidRepresentation=JAVA_LEGACY, serverApi=null, autoEncryptionSettings=null, dnsClient=null, inetAddressResolver=null, contextProvider=null}
2024-10-14T17:12:16.284-05:00  INFO 12328 --- [veci-back] [33m.mongodb.net] org.mongodb.driver.cluster               : Adding discovered server cluster0-shard-00-01.zw33m.mongodb.net:27017 to client view of cluster
2024-10-14T17:12:16.335-05:00  INFO 12328 --- [veci-back] [33m.mongodb.net] org.mongodb.driver.cluster               : Adding discovered server cluster0-shard-00-02.zw33m.mongodb.net:27017 to client view of cluster
2024-10-14T17:12:16.341-05:00  INFO 12328 --- [veci-back] [33m.mongodb.net] org.mongodb.driver.cluster               : Adding discovered server cluster0-shard-00-00.zw33m.mongodb.net:27017 to client view of cluster
2024-10-14T17:12:17.222-05:00  WARN 12328 --- [veci-back] [    Test worker] JpaBaseConfiguration$JpaWebConfiguration : spring.jpa.open-in-view is enabled by default. Therefore, database queries may be performed during view rendering. Explicitly configure spring.jpa.open-in-view to disable this warning
2024-10-14T17:12:17.608-05:00  INFO 12328 --- [veci-back] [ngodb.net:27017] org.mongodb.driver.cluster               : Monitor thread successfully connected to server with description ServerDescription{address=cluster0-shard-00-02.zw33m.mongodb.net:27017, type=REPLICA_SET_PRIMARY, state=CONNECTED, ok=true, minWireVersion=0, maxWireVersion=21, maxDocumentSize=16777216, logicalSessionTimeoutMinutes=30, roundTripTimeNanos=701774700, setName='atlas-jfmlis-shard-0', canonicalAddress=cluster0-shard-00-02.zw33m.mongodb.net:27017, hosts=[cluster0-shard-00-00.zw33m.mongodb.net:27017, cluster0-shard-00-01.zw33m.mongodb.net:27017, cluster0-shard-00-02.zw33m.mongodb.net:27017], passives=[], arbiters=[], primary='cluster0-shard-00-02.zw33m.mongodb.net:27017', tagSet=TagSet{[Tag{name='availabilityZone', value='use1-az4'}, Tag{name='diskState', value='READY'}, Tag{name='nodeType', value='ELECTABLE'}, Tag{name='provider', value='AWS'}, Tag{name='region', value='US_EAST_1'}, Tag{name='workloadType', value='OPERATIONAL'}]}, electionId=7fffffff0000000000000178, setVersion=106, topologyVersion=TopologyVersion{processId=670cbf9597e1e21fa78b3d7e, counter=9}, lastWriteDate=Mon Oct 14 17:12:17 GMT-05:00 2024, lastUpdateTimeNanos=283817038800}
2024-10-14T17:12:17.608-05:00  INFO 12328 --- [veci-back] [ngodb.net:27017] org.mongodb.driver.cluster               : Monitor thread successfully connected to server with description ServerDescription{address=cluster0-shard-00-00.zw33m.mongodb.net:27017, type=REPLICA_SET_SECONDARY, state=CONNECTED, ok=true, minWireVersion=0, maxWireVersion=21, maxDocumentSize=16777216, logicalSessionTimeoutMinutes=30, roundTripTimeNanos=701460300, setName='atlas-jfmlis-shard-0', canonicalAddress=cluster0-shard-00-00.zw33m.mongodb.net:27017, hosts=[cluster0-shard-00-00.zw33m.mongodb.net:27017, cluster0-shard-00-01.zw33m.mongodb.net:27017, cluster0-shard-00-02.zw33m.mongodb.net:27017], passives=[], arbiters=[], primary='cluster0-shard-00-02.zw33m.mongodb.net:27017', tagSet=TagSet{[Tag{name='availabilityZone', value='use1-az1'}, Tag{name='diskState', value='READY'}, Tag{name='nodeType', value='ELECTABLE'}, Tag{name='provider', value='AWS'}, Tag{name='region', value='US_EAST_1'}, Tag{name='workloadType', value='OPERATIONAL'}]}, electionId=null, setVersion=106, topologyVersion=TopologyVersion{processId=670cc08f2b9d06ee8157a3dd, counter=5}, lastWriteDate=Mon Oct 14 17:12:17 GMT-05:00 2024, lastUpdateTimeNanos=283816775700}
2024-10-14T17:12:17.608-05:00  INFO 12328 --- [veci-back] [ngodb.net:27017] org.mongodb.driver.cluster               : Monitor thread successfully connected to server with description ServerDescription{address=cluster0-shard-00-01.zw33m.mongodb.net:27017, type=REPLICA_SET_SECONDARY, state=CONNECTED, ok=true, minWireVersion=0, maxWireVersion=21, maxDocumentSize=16777216, logicalSessionTimeoutMinutes=30, roundTripTimeNanos=701512500, setName='atlas-jfmlis-shard-0', canonicalAddress=cluster0-shard-00-01.zw33m.mongodb.net:27017, hosts=[cluster0-shard-00-00.zw33m.mongodb.net:27017, cluster0-shard-00-01.zw33m.mongodb.net:27017, cluster0-shard-00-02.zw33m.mongodb.net:27017], passives=[], arbiters=[], primary='cluster0-shard-00-02.zw33m.mongodb.net:27017', tagSet=TagSet{[Tag{name='availabilityZone', value='use1-az2'}, Tag{name='diskState', value='READY'}, Tag{name='nodeType', value='ELECTABLE'}, Tag{name='provider', value='AWS'}, Tag{name='region', value='US_EAST_1'}, Tag{name='workloadType', value='OPERATIONAL'}]}, electionId=null, setVersion=106, topologyVersion=TopologyVersion{processId=670cc1eb31d2648da4f74e63, counter=5}, lastWriteDate=Mon Oct 14 17:12:17 GMT-05:00 2024, lastUpdateTimeNanos=283816775600}
2024-10-14T17:12:17.616-05:00  INFO 12328 --- [veci-back] [ngodb.net:27017] org.mongodb.driver.cluster               : Discovered replica set primary cluster0-shard-00-02.zw33m.mongodb.net:27017 with max election id 7fffffff0000000000000178 and max set version 106
2024-10-14T17:12:18.067-05:00  INFO 12328 --- [veci-back] [    Test worker] veci.veciback.VeciBackApplicationTests   : Started VeciBackApplicationTests in 6.2 seconds (process running for 8.105)
]]></system-out>
  <system-err><![CDATA[WARNING: A Java agent has been loaded dynamically (C:\Users\Miller Alvarez\.gradle\caches\modules-2\files-2.1\net.bytebuddy\byte-buddy-agent\1.14.19\154da3a65b4f4a909d3e5bdec55d1b2b4cbb6ce1\byte-buddy-agent-1.14.19.jar)
WARNING: If a serviceability tool is in use, please run with -XX:+EnableDynamicAgentLoading to hide this warning
WARNING: If a serviceability tool is not in use, please run with -Djdk.instrument.traceUsage for more information
WARNING: Dynamic loading of agents will be disallowed by default in a future release
]]></system-err>
</testsuite>
